[debug] [2023-04-28T21:39:43.228Z] ----------------------------------------------------------------------
[debug] [2023-04-28T21:39:43.230Z] Command:       C:\Program Files\nodejs\node.exe C:\Users\Ilya\AppData\Roaming\npm\node_modules\firebase-tools\lib\bin\firebase.js deploy --only functions
[debug] [2023-04-28T21:39:43.231Z] CLI Version:   11.29.1
[debug] [2023-04-28T21:39:43.231Z] Platform:      win32
[debug] [2023-04-28T21:39:43.231Z] Node Version:  v18.12.0
[debug] [2023-04-28T21:39:43.232Z] Time:          Fri Apr 28 2023 17:39:43 GMT-0400 (Eastern Daylight Time)
[debug] [2023-04-28T21:39:43.232Z] ----------------------------------------------------------------------
[debug] 
[debug] [2023-04-28T21:39:43.310Z] > command requires scopes: ["email","openid","https://www.googleapis.com/auth/cloudplatformprojects.readonly","https://www.googleapis.com/auth/firebase","https://www.googleapis.com/auth/cloud-platform"]
[debug] [2023-04-28T21:39:43.311Z] > authorizing via signed-in user (ilyastrug@gmail.com)
[debug] [2023-04-28T21:39:43.311Z] [iam] checking project mamaroneck-learn for permissions ["cloudfunctions.functions.create","cloudfunctions.functions.delete","cloudfunctions.functions.get","cloudfunctions.functions.list","cloudfunctions.functions.update","cloudfunctions.operations.get","firebase.projects.get"]
[debug] [2023-04-28T21:39:43.313Z] > refreshing access token with scopes: []
[debug] [2023-04-28T21:39:43.314Z] >>> [apiv2][query] POST https://www.googleapis.com/oauth2/v3/token [none]
[debug] [2023-04-28T21:39:43.315Z] >>> [apiv2][body] POST https://www.googleapis.com/oauth2/v3/token [omitted]
[debug] [2023-04-28T21:39:43.484Z] <<< [apiv2][status] POST https://www.googleapis.com/oauth2/v3/token 200
[debug] [2023-04-28T21:39:43.484Z] <<< [apiv2][body] POST https://www.googleapis.com/oauth2/v3/token [omitted]
[debug] [2023-04-28T21:39:43.492Z] >>> [apiv2][query] POST https://cloudresourcemanager.googleapis.com/v1/projects/mamaroneck-learn:testIamPermissions [none]
[debug] [2023-04-28T21:39:43.492Z] >>> [apiv2][(partial)header] POST https://cloudresourcemanager.googleapis.com/v1/projects/mamaroneck-learn:testIamPermissions x-goog-quota-user=projects/mamaroneck-learn
[debug] [2023-04-28T21:39:43.493Z] >>> [apiv2][body] POST https://cloudresourcemanager.googleapis.com/v1/projects/mamaroneck-learn:testIamPermissions {"permissions":["cloudfunctions.functions.create","cloudfunctions.functions.delete","cloudfunctions.functions.get","cloudfunctions.functions.list","cloudfunctions.functions.update","cloudfunctions.operations.get","firebase.projects.get"]}
[debug] [2023-04-28T21:39:43.604Z] <<< [apiv2][status] POST https://cloudresourcemanager.googleapis.com/v1/projects/mamaroneck-learn:testIamPermissions 200
[debug] [2023-04-28T21:39:43.604Z] <<< [apiv2][body] POST https://cloudresourcemanager.googleapis.com/v1/projects/mamaroneck-learn:testIamPermissions {"permissions":["cloudfunctions.functions.create","cloudfunctions.functions.delete","cloudfunctions.functions.get","cloudfunctions.functions.list","cloudfunctions.functions.update","cloudfunctions.operations.get","firebase.projects.get"]}
[debug] [2023-04-28T21:39:43.604Z] >>> [apiv2][query] POST https://iam.googleapis.com/v1/projects/mamaroneck-learn/serviceAccounts/mamaroneck-learn@appspot.gserviceaccount.com:testIamPermissions [none]
[debug] [2023-04-28T21:39:43.604Z] >>> [apiv2][body] POST https://iam.googleapis.com/v1/projects/mamaroneck-learn/serviceAccounts/mamaroneck-learn@appspot.gserviceaccount.com:testIamPermissions {"permissions":["iam.serviceAccounts.actAs"]}
[debug] [2023-04-28T21:39:43.739Z] <<< [apiv2][status] POST https://iam.googleapis.com/v1/projects/mamaroneck-learn/serviceAccounts/mamaroneck-learn@appspot.gserviceaccount.com:testIamPermissions 200
[debug] [2023-04-28T21:39:43.739Z] <<< [apiv2][body] POST https://iam.googleapis.com/v1/projects/mamaroneck-learn/serviceAccounts/mamaroneck-learn@appspot.gserviceaccount.com:testIamPermissions {"permissions":["iam.serviceAccounts.actAs"]}
[info] 
[info] === Deploying to 'mamaroneck-learn'...
[info] 
[info] i  deploying functions 
[info] Running command: npm --prefix "$RESOURCE_DIR" run build
[info] +  functions: Finished running predeploy script. 
[debug] [2023-04-28T21:39:47.438Z] >>> [apiv2][query] GET https://firebase.googleapis.com/v1beta1/projects/mamaroneck-learn [none]
[debug] [2023-04-28T21:39:47.822Z] <<< [apiv2][status] GET https://firebase.googleapis.com/v1beta1/projects/mamaroneck-learn 200
[debug] [2023-04-28T21:39:47.822Z] <<< [apiv2][body] GET https://firebase.googleapis.com/v1beta1/projects/mamaroneck-learn {"projectId":"mamaroneck-learn","projectNumber":"917106980205","displayName":"Mamaroneck Learn","name":"projects/mamaroneck-learn","resources":{"hostingSite":"mamaroneck-learn","realtimeDatabaseInstance":"mamaroneck-learn-default-rtdb"},"state":"ACTIVE","etag":"1_6fe0f778-1b12-49d7-ac22-29028ca7f03e"}
[info] i  functions: preparing codebase default for deployment 
[info] i  functions: ensuring required API cloudfunctions.googleapis.com is enabled... 
[info] i  functions: ensuring required API cloudbuild.googleapis.com is enabled... 
[info] i  artifactregistry: ensuring required API artifactregistry.googleapis.com is enabled... 
[debug] [2023-04-28T21:39:47.824Z] >>> [apiv2][query] GET https://serviceusage.googleapis.com/v1/projects/mamaroneck-learn/services/cloudfunctions.googleapis.com [none]
[debug] [2023-04-28T21:39:47.824Z] >>> [apiv2][(partial)header] GET https://serviceusage.googleapis.com/v1/projects/mamaroneck-learn/services/cloudfunctions.googleapis.com x-goog-quota-user=projects/mamaroneck-learn
[debug] [2023-04-28T21:39:47.825Z] >>> [apiv2][query] GET https://serviceusage.googleapis.com/v1/projects/mamaroneck-learn/services/runtimeconfig.googleapis.com [none]
[debug] [2023-04-28T21:39:47.825Z] >>> [apiv2][(partial)header] GET https://serviceusage.googleapis.com/v1/projects/mamaroneck-learn/services/runtimeconfig.googleapis.com x-goog-quota-user=projects/mamaroneck-learn
[debug] [2023-04-28T21:39:47.826Z] >>> [apiv2][query] GET https://serviceusage.googleapis.com/v1/projects/mamaroneck-learn/services/cloudbuild.googleapis.com [none]
[debug] [2023-04-28T21:39:47.826Z] >>> [apiv2][(partial)header] GET https://serviceusage.googleapis.com/v1/projects/mamaroneck-learn/services/cloudbuild.googleapis.com x-goog-quota-user=projects/mamaroneck-learn
[debug] [2023-04-28T21:39:47.827Z] >>> [apiv2][query] GET https://serviceusage.googleapis.com/v1/projects/mamaroneck-learn/services/artifactregistry.googleapis.com [none]
[debug] [2023-04-28T21:39:47.827Z] >>> [apiv2][(partial)header] GET https://serviceusage.googleapis.com/v1/projects/mamaroneck-learn/services/artifactregistry.googleapis.com x-goog-quota-user=projects/mamaroneck-learn
[debug] [2023-04-28T21:39:48.133Z] <<< [apiv2][status] GET https://serviceusage.googleapis.com/v1/projects/mamaroneck-learn/services/artifactregistry.googleapis.com 200
[debug] [2023-04-28T21:39:48.133Z] <<< [apiv2][body] GET https://serviceusage.googleapis.com/v1/projects/mamaroneck-learn/services/artifactregistry.googleapis.com [omitted]
[warn] !  artifactregistry: missing required API artifactregistry.googleapis.com. Enabling now... 
[debug] [2023-04-28T21:39:48.134Z] >>> [apiv2][query] POST https://serviceusage.googleapis.com/v1/projects/mamaroneck-learn/services/artifactregistry.googleapis.com:enable [none]
[debug] [2023-04-28T21:39:48.134Z] >>> [apiv2][(partial)header] POST https://serviceusage.googleapis.com/v1/projects/mamaroneck-learn/services/artifactregistry.googleapis.com:enable x-goog-quota-user=projects/mamaroneck-learn
[debug] [2023-04-28T21:39:48.203Z] <<< [apiv2][status] GET https://serviceusage.googleapis.com/v1/projects/mamaroneck-learn/services/runtimeconfig.googleapis.com 200
[debug] [2023-04-28T21:39:48.203Z] <<< [apiv2][body] GET https://serviceusage.googleapis.com/v1/projects/mamaroneck-learn/services/runtimeconfig.googleapis.com [omitted]
[debug] [2023-04-28T21:39:48.205Z] <<< [apiv2][status] GET https://serviceusage.googleapis.com/v1/projects/mamaroneck-learn/services/cloudbuild.googleapis.com 200
[debug] [2023-04-28T21:39:48.206Z] <<< [apiv2][body] GET https://serviceusage.googleapis.com/v1/projects/mamaroneck-learn/services/cloudbuild.googleapis.com [omitted]
[info] +  functions: required API cloudbuild.googleapis.com is enabled 
[debug] [2023-04-28T21:39:48.239Z] <<< [apiv2][status] GET https://serviceusage.googleapis.com/v1/projects/mamaroneck-learn/services/cloudfunctions.googleapis.com 200
[debug] [2023-04-28T21:39:48.239Z] <<< [apiv2][body] GET https://serviceusage.googleapis.com/v1/projects/mamaroneck-learn/services/cloudfunctions.googleapis.com [omitted]
[info] +  functions: required API cloudfunctions.googleapis.com is enabled 
[debug] [2023-04-28T21:39:49.053Z] <<< [apiv2][status] POST https://serviceusage.googleapis.com/v1/projects/mamaroneck-learn/services/artifactregistry.googleapis.com:enable 200
[debug] [2023-04-28T21:39:49.053Z] <<< [apiv2][body] POST https://serviceusage.googleapis.com/v1/projects/mamaroneck-learn/services/artifactregistry.googleapis.com:enable [omitted]
